D:\PROJECTS\18-2-13 PROJECT\ABT\ABT\DEBUG\ABT.PCH
D:\PROJECTS\18-2-13 PROJECT\ABT\ABT\DEBUG\STDAFX.OBJ
D:\PROJECTS\18-2-13 PROJECT\ABT\ABT\DEBUG\VC110.PDB
D:\PROJECTS\18-2-13 PROJECT\ABT\ABT\DEBUG\ABT.OBJ
D:\PROJECTS\18-2-13 PROJECT\ABT\ABT\DEBUG\ABTDLG.OBJ
D:\PROJECTS\18-2-13 PROJECT\ABT\ABT\DEBUG\BROWSEFORFOLDER.OBJ
D:\PROJECTS\18-2-13 PROJECT\ABT\ABT\DEBUG\BTSBUTTON.OBJ
D:\PROJECTS\18-2-13 PROJECT\ABT\ABT\DEBUG\DLGMAKETORRENT.OBJ
D:\PROJECTS\18-2-13 PROJECT\ABT\ABT\DEBUG\DLGMTPROGRESS.OBJ
D:\PROJECTS\18-2-13 PROJECT\ABT\ABT\DEBUG\LISTCTRLEX.OBJ
D:\PROJECTS\18-2-13 PROJECT\ABT\ABT\DEBUG\MEMDC.OBJ
D:\PROJECTS\18-2-13 PROJECT\ABT\ABT\DEBUG\PROXYDUMMY.OBJ
D:\PROJECTS\18-2-13 PROJECT\ABT\ABT\DEBUG\SBDESTINATION.OBJ
D:\PROJECTS\18-2-13 PROJECT\ABT\ABT\DEBUG\TEXTPROGRESSCTRL.OBJ
D:\PROJECTS\18-2-13 PROJECT\ABT\ABT\DEBUG\PROFILE.OBJ
D:\PROJECTS\18-2-13 PROJECT\ABT\ABT\DEBUG\ABTUI.OBJ
D:\PROJECTS\18-2-13 PROJECT\ABT\DEBUG\ABT.ILK
D:\PROJECTS\18-2-13 PROJECT\ABT\DEBUG\ABT.EXE
D:\PROJECTS\18-2-13 PROJECT\ABT\DEBUG\ABT.PDB
D:\PROJECTS\18-2-13 PROJECT\ABT\ABT\DEBUG\ABT.RES
D:\PROJECTS\18-2-13 PROJECT\ABT\ABT\DEBUG\RESOURCE.RES
D:\PROJECTS\18-2-13 PROJECT\ABT\ABT\DEBUG\RESOURCE1.RES
D:\PROJECTS\18-2-13 PROJECT\ABT\ABT\DEBUG\RESOURCE2.RES
D:\Projects\18-2-13 project\ABT\ABT\Debug\ABT.obj
D:\Projects\18-2-13 project\ABT\ABT\Debug\ABTDlg.obj
D:\Projects\18-2-13 project\ABT\ABT\Debug\ABTUI.obj
D:\Projects\18-2-13 project\ABT\ABT\Debug\BrowseForFolder.obj
D:\Projects\18-2-13 project\ABT\ABT\Debug\BTSButton.obj
D:\Projects\18-2-13 project\ABT\ABT\Debug\DlgMakeTorrent.obj
D:\Projects\18-2-13 project\ABT\ABT\Debug\DlgMTProgress.obj
D:\Projects\18-2-13 project\ABT\ABT\Debug\ListCtrlEx.obj
D:\Projects\18-2-13 project\ABT\ABT\Debug\MemDC.obj
D:\Projects\18-2-13 project\ABT\ABT\Debug\Profile.obj
D:\Projects\18-2-13 project\ABT\ABT\Debug\ProxyDummy.obj
D:\Projects\18-2-13 project\ABT\ABT\Debug\SBDestination.obj
D:\Projects\18-2-13 project\ABT\ABT\Debug\stdafx.obj
D:\Projects\18-2-13 project\ABT\ABT\Debug\TextProgressCtrl.obj
D:\Projects\18-2-13 project\ABT\ABT\Debug\cl.command.1.tlog
D:\Projects\18-2-13 project\ABT\ABT\Debug\CL.read.1.tlog
D:\Projects\18-2-13 project\ABT\ABT\Debug\CL.write.1.tlog
D:\Projects\18-2-13 project\ABT\ABT\Debug\link-cvtres.read.1.tlog
D:\Projects\18-2-13 project\ABT\ABT\Debug\link-cvtres.write.1.tlog
D:\Projects\18-2-13 project\ABT\ABT\Debug\link-mt.read.1.tlog
D:\Projects\18-2-13 project\ABT\ABT\Debug\link-mt.write.1.tlog
D:\Projects\18-2-13 project\ABT\ABT\Debug\link-rc.read.1.tlog
D:\Projects\18-2-13 project\ABT\ABT\Debug\link-rc.write.1.tlog
D:\Projects\18-2-13 project\ABT\ABT\Debug\link.5888-cvtres.read.1.tlog
D:\Projects\18-2-13 project\ABT\ABT\Debug\link.5888-cvtres.write.1.tlog
D:\Projects\18-2-13 project\ABT\ABT\Debug\link.5888-mt.read.1.tlog
D:\Projects\18-2-13 project\ABT\ABT\Debug\link.5888-mt.write.1.tlog
D:\Projects\18-2-13 project\ABT\ABT\Debug\link.5888-rc.read.1.tlog
D:\Projects\18-2-13 project\ABT\ABT\Debug\link.5888-rc.write.1.tlog
D:\Projects\18-2-13 project\ABT\ABT\Debug\link.5888.read.1.tlog
D:\Projects\18-2-13 project\ABT\ABT\Debug\link.5888.write.1.tlog
D:\Projects\18-2-13 project\ABT\ABT\Debug\link.command.1.tlog
D:\Projects\18-2-13 project\ABT\ABT\Debug\link.read.1.tlog
D:\Projects\18-2-13 project\ABT\ABT\Debug\link.write.1.tlog
D:\Projects\18-2-13 project\ABT\ABT\Debug\rc.command.1.tlog
D:\Projects\18-2-13 project\ABT\ABT\Debug\rc.read.1.tlog
D:\Projects\18-2-13 project\ABT\ABT\Debug\rc.write.1.tlog
D:\Projects\18-2-13 project\ABT\ABT\Debug\ABT.res
D:\Projects\18-2-13 project\ABT\ABT\Debug\Resource.res
D:\Projects\18-2-13 project\ABT\ABT\Debug\Resource1.res
D:\Projects\18-2-13 project\ABT\ABT\Debug\Resource2.res
D:\Projects\18-2-13 project\ABT\ABT\Debug\ABT.pch
D:\Projects\18-2-13 project\ABT\ABT\Debug\vc110.idb
D:\Projects\18-2-13 project\ABT\ABT\Debug\vc110.pdb
D:\Projects\18-2-13 project\ABT\Debug\ABT.pdb
D:\Projects\18-2-13 project\ABT\Debug\ABT.exe
D:\Projects\18-2-13 project\ABT\Debug\ABT.ilk
