D:\PROJECTS\18-2-13 PROJECT\ABTSERVER\ABTSERVER\DEBUG\ABTSERVER.PCH
D:\PROJECTS\18-2-13 PROJECT\ABTSERVER\ABTSERVER\DEBUG\STDAFX.OBJ
D:\PROJECTS\18-2-13 PROJECT\ABTSERVER\ABTSERVER\DEBUG\VC110.PDB
D:\PROJECTS\18-2-13 PROJECT\ABTSERVER\ABTSERVER\DEBUG\ABTSERVER.OBJ
D:\PROJECTS\18-2-13 PROJECT\ABTSERVER\ABTSERVER\DEBUG\ABTSERVERDLG.OBJ
D:\PROJECTS\18-2-13 PROJECT\ABTSERVER\DEBUG\ABTSERVER.ILK
D:\PROJECTS\18-2-13 PROJECT\ABTSERVER\DEBUG\ABTSERVER.EXE
D:\PROJECTS\18-2-13 PROJECT\ABTSERVER\DEBUG\ABTSERVER.PDB
D:\PROJECTS\18-2-13 PROJECT\ABTSERVER\ABTSERVER\DEBUG\ABTSERVER.RES
D:\Projects\18-2-13 project\ABTServer\ABTServer\Debug\ABTServer.obj
D:\Projects\18-2-13 project\ABTServer\ABTServer\Debug\ABTServerDlg.obj
D:\Projects\18-2-13 project\ABTServer\ABTServer\Debug\stdafx.obj
D:\Projects\18-2-13 project\ABTServer\ABTServer\Debug\cl.command.1.tlog
D:\Projects\18-2-13 project\ABTServer\ABTServer\Debug\CL.read.1.tlog
D:\Projects\18-2-13 project\ABTServer\ABTServer\Debug\CL.write.1.tlog
D:\Projects\18-2-13 project\ABTServer\ABTServer\Debug\link-cvtres.read.1.tlog
D:\Projects\18-2-13 project\ABTServer\ABTServer\Debug\link-cvtres.write.1.tlog
D:\Projects\18-2-13 project\ABTServer\ABTServer\Debug\link-mt.read.1.tlog
D:\Projects\18-2-13 project\ABTServer\ABTServer\Debug\link-mt.write.1.tlog
D:\Projects\18-2-13 project\ABTServer\ABTServer\Debug\link-rc.read.1.tlog
D:\Projects\18-2-13 project\ABTServer\ABTServer\Debug\link-rc.write.1.tlog
D:\Projects\18-2-13 project\ABTServer\ABTServer\Debug\link.6344-cvtres.read.1.tlog
D:\Projects\18-2-13 project\ABTServer\ABTServer\Debug\link.6344-cvtres.write.1.tlog
D:\Projects\18-2-13 project\ABTServer\ABTServer\Debug\link.6344-mt.read.1.tlog
D:\Projects\18-2-13 project\ABTServer\ABTServer\Debug\link.6344-mt.write.1.tlog
D:\Projects\18-2-13 project\ABTServer\ABTServer\Debug\link.6344-rc.read.1.tlog
D:\Projects\18-2-13 project\ABTServer\ABTServer\Debug\link.6344-rc.write.1.tlog
D:\Projects\18-2-13 project\ABTServer\ABTServer\Debug\link.6344.read.1.tlog
D:\Projects\18-2-13 project\ABTServer\ABTServer\Debug\link.6344.write.1.tlog
D:\Projects\18-2-13 project\ABTServer\ABTServer\Debug\link.7048-cvtres.read.1.tlog
D:\Projects\18-2-13 project\ABTServer\ABTServer\Debug\link.7048-cvtres.write.1.tlog
D:\Projects\18-2-13 project\ABTServer\ABTServer\Debug\link.7048-mt.read.1.tlog
D:\Projects\18-2-13 project\ABTServer\ABTServer\Debug\link.7048-mt.write.1.tlog
D:\Projects\18-2-13 project\ABTServer\ABTServer\Debug\link.7048-rc.read.1.tlog
D:\Projects\18-2-13 project\ABTServer\ABTServer\Debug\link.7048-rc.write.1.tlog
D:\Projects\18-2-13 project\ABTServer\ABTServer\Debug\link.7048.read.1.tlog
D:\Projects\18-2-13 project\ABTServer\ABTServer\Debug\link.7048.write.1.tlog
D:\Projects\18-2-13 project\ABTServer\ABTServer\Debug\link.command.1.tlog
D:\Projects\18-2-13 project\ABTServer\ABTServer\Debug\link.read.1.tlog
D:\Projects\18-2-13 project\ABTServer\ABTServer\Debug\link.write.1.tlog
D:\Projects\18-2-13 project\ABTServer\ABTServer\Debug\rc.command.1.tlog
D:\Projects\18-2-13 project\ABTServer\ABTServer\Debug\rc.read.1.tlog
D:\Projects\18-2-13 project\ABTServer\ABTServer\Debug\rc.write.1.tlog
D:\Projects\18-2-13 project\ABTServer\ABTServer\Debug\ABTServer.res
D:\Projects\18-2-13 project\ABTServer\ABTServer\Debug\ABTServer.pch
D:\Projects\18-2-13 project\ABTServer\ABTServer\Debug\vc110.idb
D:\Projects\18-2-13 project\ABTServer\ABTServer\Debug\vc110.pdb
D:\Projects\18-2-13 project\ABTServer\Debug\ABTServer.pdb
D:\Projects\18-2-13 project\ABTServer\Debug\ABTServer.exe
D:\Projects\18-2-13 project\ABTServer\Debug\ABTServer.ilk
